2011-01-03T11:23:54+01:00 ALERT (1): Invalid controller specified (indexxcvbc)
2011-01-03T11:37:25+01:00 ALERT (1): Invalid controller specified (gkhgk)
2011-01-03T12:32:39+01:00 ALERT (1): Session must be started before any output has been sent to the browser; output started in /var/www/front/library/Zend/Application.php/91
2011-01-03T14:49:35+01:00 ALERT (1): Session must be started before any output has been sent to the browser; output started in /var/www/front/library/Zend/Application.php/91
2011-01-03T14:49:48+01:00 ALERT (1): Session must be started before any output has been sent to the browser; output started in /var/www/front/library/Zend/Application.php/91
2011-01-04T10:03:20+01:00 ALERT (1): Route home is not defined
2011-01-04T10:22:07+01:00 ALERT (1): L'action "viewAction" n'est pas implémentée.
2011-01-04T10:23:44+01:00 ALERT (1): Invalid controller specified (view)
2011-01-04T10:23:55+01:00 ALERT (1): Invalid controller specified (view)
2011-01-04T10:30:30+01:00 ALERT (1): Invalid controller specified (view)
2011-01-04T10:34:10+01:00 ALERT (1): Invalid controller specified (view)
2011-01-04T10:34:14+01:00 ALERT (1): Invalid controller specified (ghdfg)
2011-01-04T10:34:18+01:00 ALERT (1): Invalid controller specified (users)
2011-01-04T10:34:43+01:00 ALERT (1): Invalid controller specified (users)
2011-01-04T10:53:02+01:00 ALERT (1): Invalid controller specified (users)
2011-01-04T11:38:36+01:00 ALERT (1): No entry is registered for key 'id'
2011-01-04T12:02:56+01:00 ALERT (1): L'action "getCacheAction" n'est pas implémentée.
2011-01-04T12:03:53+01:00 ALERT (1): L'action "getCacheAction" n'est pas implémentée.
2011-01-05T10:37:27+01:00 ALERT (1): cache_dir must be a directory
2011-01-05T15:17:08+01:00 ALERT (1): SQLSTATE[23000]: Integrity constraint violation: 1062 Duplicate entry 'sdfgsfdg' for key 2
2011-01-05T15:17:11+01:00 ALERT (1): SQLSTATE[23000]: Integrity constraint violation: 1062 Duplicate entry 'sdfgsfdg' for key 2
2011-01-05T15:17:18+01:00 ALERT (1): Method setValue does not exist
2011-01-05T15:17:59+01:00 ALERT (1): SQLSTATE[23000]: Integrity constraint violation: 1062 Duplicate entry 'sdqfqsgdqdhd' for key 2
2011-01-05T16:37:21+01:00 ALERT (1): Invalid controller specified (indedx)
2011-01-05T16:37:25+01:00 ALERT (1): L'action "useraddAction" n'est pas implémentée.
2011-01-05T16:37:32+01:00 ALERT (1): Invalid validator provided to addValidator; must be string or Zend_Validate_Interface
2011-01-05T16:38:10+01:00 ALERT (1): Invalid validator provided to addValidator; must be string or Zend_Validate_Interface
2011-01-05T16:38:11+01:00 ALERT (1): Invalid validator provided to addValidator; must be string or Zend_Validate_Interface
2011-01-05T16:38:11+01:00 ALERT (1): Invalid validator provided to addValidator; must be string or Zend_Validate_Interface
2011-01-06T09:48:48+01:00 ALERT (1): script 'index/add-user.phtml' not found in path (/var/www/front/application/User/views/scripts/)
2011-01-06T10:01:49+01:00 ALERT (1): SQLSTATE[23000]: Integrity constraint violation: 1048 Column 'login' cannot be null
2011-01-06T10:13:47+01:00 ALERT (1): SQLSTATE[23000]: Integrity constraint violation: 1062 Duplicate entry 'fdsg' for key 2
2011-01-06T10:13:51+01:00 ALERT (1): SQLSTATE[23000]: Integrity constraint violation: 1062 Duplicate entry 'fdsg' for key 2
2011-01-06T10:14:05+01:00 ALERT (1): Action Helper by name Redirect not found
2011-01-06T10:47:24+01:00 ALERT (1): Method "appendStyleSheet" does not exist
2011-01-06T10:47:34+01:00 ALERT (1): Invalid controller specified (css)
2011-01-07T15:52:27+01:00 ALERT (1): script 'logedin.phtml' not found in path (/var/www/front/layouts/:/var/www/front/application/User/views/scripts/)
2011-01-07T16:08:20+01:00 ALERT (1): Invalid controller specified (vfsdfvgxcd)
2011-01-31T17:25:50+01:00 ALERT (1): parse_ini_file(/var/www/front/etc/routes.ini): failed to open stream: No such file or directory
2011-02-01T11:28:59+01:00 ALERT (1): Invalid controller specified (dummy.php)
2011-02-01T11:29:11+01:00 ALERT (1): Invalid controller specified (dummy.php)
2011-02-01T11:29:14+01:00 ALERT (1): Invalid controller specified (dummy.php)
2011-02-01T15:17:03+01:00 ALERT (1): Method setDecorator does not exist
2011-02-01T15:33:34+01:00 ALERT (1): Plugin by name 'SetDecorators' was not found in the registry; used paths:
User_View_Helper_: C:/Program Files/Zend/Apache2/htdocs/front/application/modules/User/views\helpers/
Cleo_View_Helper_: C:\Program Files\Zend\Apache2\htdocs\front/library/Cleo/View/Helper/
Zend_View_Helper_: Zend/View/Helper/
2011-02-02T11:23:37+01:00 ALERT (1): A value for the identity was not provided prior to authentication with Zend_Auth_Adapter_DbTable.
2011-02-02T12:09:23+01:00 ALERT (1): SQLSTATE[23000]: Integrity constraint violation: 1048 Column 'login' cannot be null
2011-02-02T12:10:10+01:00 ALERT (1): SQLSTATE[23000]: Integrity constraint violation: 1048 Column 'login' cannot be null
2011-02-02T12:13:12+01:00 ALERT (1): SQLSTATE[42000]: Syntax error or access violation: 1064 You have an error in your SQL syntax; check the manual that corresponds to your MySQL server version for the right syntax to use near 'WHERE (id = )' at line 1
2011-02-02T12:13:26+01:00 ALERT (1): SQLSTATE[42000]: Syntax error or access violation: 1064 You have an error in your SQL syntax; check the manual that corresponds to your MySQL server version for the right syntax to use near 'WHERE (id = 4)' at line 1
2011-02-02T12:14:04+01:00 ALERT (1): SQLSTATE[42000]: Syntax error or access violation: 1064 You have an error in your SQL syntax; check the manual that corresponds to your MySQL server version for the right syntax to use near 'WHERE (id = NULL) AND (4)' at line 1
2011-02-02T12:14:34+01:00 ALERT (1): SQLSTATE[42000]: Syntax error or access violation: 1064 You have an error in your SQL syntax; check the manual that corresponds to your MySQL server version for the right syntax to use near 'WHERE (4)' at line 1
2011-02-02T12:15:11+01:00 ALERT (1): SQLSTATE[42000]: Syntax error or access violation: 1064 You have an error in your SQL syntax; check the manual that corresponds to your MySQL server version for the right syntax to use near 'WHERE (id = '4')' at line 1
2011-02-02T12:15:41+01:00 ALERT (1): SQLSTATE[42000]: Syntax error or access violation: 1064 You have an error in your SQL syntax; check the manual that corresponds to your MySQL server version for the right syntax to use near 'WHERE (4)' at line 1
2011-02-02T16:50:43+01:00 ALERT (1): Action "soapgetuserlist" does not exist and was not trapped in __call()
2011-02-02T16:56:44+01:00 ALERT (1): script 'index/soap-get-user-list.phtml' not found in path (C:/Program Files/Zend/Apache2/htdocs/front/application/modules/Wsclient/views\scripts/)
2011-02-02T17:25:54+01:00 ALERT (1): looks like we got no XML document
2011-02-02T17:26:25+01:00 ALERT (1): looks like we got no XML document
2011-02-02T17:26:27+01:00 ALERT (1): looks like we got no XML document
2011-02-02T17:26:27+01:00 ALERT (1): looks like we got no XML document
2011-02-03T14:28:55+01:00 ALERT (1): Path not readable: C:\Program Files\Zend\Apache2\htdocs\front\var/soapsecure/passwords.txt
2011-02-03T14:28:55+01:00 ALERT (1): Internal Server Error
2011-02-03T14:29:16+01:00 ALERT (1): Path not readable: C:\Program Files\Zend\Apache2\htdocs\front\var/soapsecure/passwords.txt
2011-02-03T15:08:52+01:00 ALERT (1): Unauthorized
2011-02-03T15:09:29+01:00 ALERT (1): Unauthorized
2011-02-03T15:09:30+01:00 ALERT (1): Unauthorized
2011-02-03T15:09:30+01:00 ALERT (1): Unauthorized
2011-02-03T15:10:14+01:00 ALERT (1): Unauthorized
2011-02-03T15:13:33+01:00 ALERT (1): looks like we got no XML document
2011-02-03T15:31:05+01:00 ALERT (1): A value for the identity was not provided prior to authentication with Zend_Auth_Adapter_DbTable.
2011-02-03T16:37:12+01:00 ALERT (1): Authorization Required
2011-02-03T17:28:29+01:00 ALERT (1): Action "xmlrpccreateuser" does not exist and was not trapped in __call()
2011-02-03T17:28:41+01:00 ALERT (1): Action "xmlrpclistusers" does not exist and was not trapped in __call()
2011-02-03T17:28:52+01:00 ALERT (1): Failed to parse response
2011-02-03T17:32:12+01:00 ALERT (1): Failed to parse response
2011-02-03T17:32:13+01:00 ALERT (1): Failed to parse response
2011-02-03T17:32:13+01:00 ALERT (1): Failed to parse response
2011-02-03T17:32:42+01:00 ALERT (1): Failed to parse response
2011-02-03T17:32:43+01:00 ALERT (1): Failed to parse response
2011-02-03T17:32:43+01:00 ALERT (1): Failed to parse response
2011-02-04T09:02:33+01:00 ALERT (1): Failed to parse response
2011-02-04T09:09:34+01:00 ALERT (1): Failed to parse response
2011-02-04T09:09:36+01:00 ALERT (1): Failed to parse response
2011-02-04T09:09:36+01:00 ALERT (1): Failed to parse response
2011-02-04T09:09:36+01:00 ALERT (1): Failed to parse response
2011-02-04T09:10:49+01:00 ALERT (1): Failed to parse response
2011-02-04T09:29:07+01:00 ALERT (1): script 'index/xmlrpcgetuserlist.phtml' not found in path (C:/Program Files/Zend/Apache2/htdocs/front/application/modules/Wsclient/views\scripts/)
2011-02-04T09:54:12+01:00 ALERT (1): script 'index/xmlrpcgetuserlist.phtml' not found in path (C:/Program Files/Zend/Apache2/htdocs/front/application/modules/Wsclient/views\scripts/)
2011-02-04T09:55:22+01:00 ALERT (1): Method "listMethods" does not exist
2011-02-04T09:56:12+01:00 ALERT (1): Method "listUsers" does not exist
2011-02-04T10:16:55+01:00 ALERT (1): Action "jsonuserlist" does not exist and was not trapped in __call()
2011-02-04T10:17:03+01:00 ALERT (1): Action "jsonuserslist" does not exist and was not trapped in __call()
2011-02-04T10:18:39+01:00 ALERT (1): Action "jsonuserlist" does not exist and was not trapped in __call()
2011-02-04T10:18:47+01:00 ALERT (1): Action "json" does not exist and was not trapped in __call()
2011-02-04T10:19:20+01:00 ALERT (1): script 'index/json.phtml' not found in path (C:/Program Files/Zend/Apache2/htdocs/front/application/modules/Wsclient/views\scripts/)
2011-02-04T10:26:09+01:00 ALERT (1): Invalid controller specified (js)
2011-02-04T10:26:09+01:00 ALERT (1): Invalid controller specified (js)
2011-02-04T11:53:48+01:00 ALERT (1): Action "jsonfdgh" does not exist and was not trapped in __call()
2011-03-02T15:19:20+01:00 ALERT (1): SQLSTATE[HY000] [2003] Can't connect to MySQL server on '127.0.0.1' (10061)
2011-03-02T15:19:53+01:00 ALERT (1): SQLSTATE[HY000] [2003] Can't connect to MySQL server on '127.0.0.1' (10061)
2011-03-02T15:31:39+01:00 ALERT (1): SQLSTATE[HY000] [2003] Can't connect to MySQL server on '127.0.0.1' (10061)
2011-03-02T15:33:20+01:00 ALERT (1): SQLSTATE[HY000] [2003] Can't connect to MySQL server on '127.0.0.1' (10061)
2011-03-02T15:34:59+01:00 ALERT (1): SQLSTATE[HY000] [2003] Can't connect to MySQL server on '127.0.0.1' (10061)
2011-03-02T15:38:18+01:00 ALERT (1): SQLSTATE[HY000] [2003] Can't connect to MySQL server on '127.0.0.1' (10061)
2011-03-02T15:40:30+01:00 ALERT (1): SQLSTATE[HY000] [2003] Can't connect to MySQL server on '127.0.0.1' (10061)
2011-03-02T15:41:14+01:00 ALERT (1): SQLSTATE[HY000] [2003] Can't connect to MySQL server on '127.0.0.1' (10061)
2011-03-02T15:41:50+01:00 ALERT (1): SQLSTATE[HY000] [2003] Can't connect to MySQL server on '127.0.0.1' (10061)
2011-03-02T16:02:37+01:00 ALERT (1): SQLSTATE[HY000] [2003] Can't connect to MySQL server on '127.0.0.1' (10061)
2011-03-02T16:03:11+01:00 ALERT (1): SQLSTATE[HY000] [2003] Can't connect to MySQL server on '127.0.0.1' (10061)
2011-03-02T16:03:36+01:00 ALERT (1): SQLSTATE[HY000] [2003] Can't connect to MySQL server on '127.0.0.1' (10061)
2011-03-02T16:04:02+01:00 ALERT (1): SQLSTATE[HY000] [2003] Can't connect to MySQL server on '127.0.0.1' (10061)
2011-03-02T16:05:05+01:00 ALERT (1): SQLSTATE[HY000] [2003] Can't connect to MySQL server on '127.0.0.1' (10061)
2011-03-02T16:05:41+01:00 ALERT (1): SQLSTATE[HY000] [2003] Can't connect to MySQL server on '127.0.0.1' (10061)
2011-03-02T16:06:08+01:00 ALERT (1): SQLSTATE[HY000] [2003] Can't connect to MySQL server on '127.0.0.1' (10061)
2011-03-02T16:54:00+01:00 ALERT (1): SQLSTATE[HY000] [2013] Lost connection to MySQL server at 'reading initial communication packet', system error: 111
2011-03-02T16:54:30+01:00 ALERT (1): SQLSTATE[HY000] [2013] Lost connection to MySQL server at 'reading initial communication packet', system error: 111
2011-03-02T16:54:58+01:00 ALERT (1): SQLSTATE[HY000] [2013] Lost connection to MySQL server at 'reading initial communication packet', system error: 111
2011-03-02T16:56:26+01:00 ALERT (1): SQLSTATE[HY000] [2013] Lost connection to MySQL server at 'reading initial communication packet', system error: 111
2011-03-02T16:56:48+01:00 ALERT (1): SQLSTATE[HY000] [2013] Lost connection to MySQL server at 'reading initial communication packet', system error: 111
2011-03-02T17:15:25+01:00 ALERT (1): SQLSTATE[HY000] [2013] Lost connection to MySQL server at 'reading initial communication packet', system error: 111
2011-03-02T17:15:51+01:00 ALERT (1): SQLSTATE[HY000] [2013] Lost connection to MySQL server at 'reading initial communication packet', system error: 111
2011-03-02T17:16:32+01:00 ALERT (1): SQLSTATE[HY000] [2013] Lost connection to MySQL server at 'reading initial communication packet', system error: 111
2011-03-02T17:16:46+01:00 ALERT (1): SQLSTATE[HY000] [2013] Lost connection to MySQL server at 'reading initial communication packet', system error: 111
2011-03-02T17:17:18+01:00 ALERT (1): SQLSTATE[HY000] [2013] Lost connection to MySQL server at 'reading initial communication packet', system error: 111
2011-03-02T17:38:29+01:00 ALERT (1): SQLSTATE[HY000] [2013] Lost connection to MySQL server at 'reading initial communication packet', system error: 111
2011-03-02T17:38:45+01:00 ALERT (1): SQLSTATE[HY000] [2013] Lost connection to MySQL server at 'reading initial communication packet', system error: 111
2011-03-03T09:41:54+01:00 ALERT (1): SQLSTATE[HY000] [2013] Lost connection to MySQL server at 'reading initial communication packet', system error: 113
2011-03-03T09:42:18+01:00 ALERT (1): SQLSTATE[HY000] [2013] Lost connection to MySQL server at 'reading initial communication packet', system error: 113
2011-03-03T10:20:30+01:00 ALERT (1): Undefined index: login
